<?xml version="1.0" encoding="UTF-8"?>
<!-- Generated by org.testng.reporters.JUnitReportReporter -->
<testsuite skipped="1" hostname="DESKTOP-JC3310F" name="com.cucumber.testcases.TC_CCreation_03" tests="1" failures="0" timestamp="23 Nov 2019 14:50:34 GMT" time="0.006" errors="0">
  <testcase name="newCustomercreation" time="0.006" classname="com.cucumber.testcases.TC_CCreation_03">
    <skipped/>
  </testcase> <!-- newCustomercreation -->
</testsuite> <!-- com.cucumber.testcases.TC_CCreation_03 -->
