<?xml version="1.0" encoding="UTF-8"?>
<!-- Generated by org.testng.reporters.JUnitReportReporter -->
<testsuite skipped="0" hostname="DESKTOP-JC3310F" name="samples.Barcode" tests="1" failures="0" timestamp="16 Nov 2019 11:57:33 GMT" time="22.508" errors="0">
  <testcase name="barCode" time="22.508" classname="samples.Barcode"/>
</testsuite> <!-- samples.Barcode -->
