<?xml version="1.0" encoding="UTF-8"?>
<!-- Generated by org.testng.reporters.JUnitReportReporter -->
<testsuite skipped="1" hostname="DESKTOP-JC3310F" name="com.cucumber.testcases.TC_LoginDDT_002" tests="1" failures="0" timestamp="16 Nov 2019 14:45:49 GMT" time="0.000" errors="0">
  <testcase name="loginDDT" time="0.000" classname="com.cucumber.testcases.TC_LoginDDT_002">
    <skipped/>
  </testcase> <!-- loginDDT -->
</testsuite> <!-- com.cucumber.testcases.TC_LoginDDT_002 -->
